<?xml version="1.0" encoding="UTF-8"?>
<testng-results ignored="0" total="0" passed="0" failed="0" skipped="0">
  <reporter-output>
  </reporter-output>
  <suite started-at="2023-07-17T13:49:02 IST" name="Suite" finished-at="2023-07-17T13:49:02 IST" duration-ms="18">
    <groups>
    </groups>
    <test started-at="2023-07-17T13:49:02 IST" name="Test with Test" finished-at="2023-07-17T13:49:02 IST" duration-ms="18">
    </test> <!-- Test with Test -->
  </suite> <!-- Suite -->
</testng-results>
